# JRE version: OpenJDK Runtime Environment Temurin-21.0.11+10 (21.0.11+10) (build 21.0.11+10-LTS)
# Java VM: OpenJDK 64-Bit Server VM Temurin-21.0.11+10 (21.0.11+10-LTS, mixed mode, sharing, tiered, compressed oops, compressed class ptrs, parallel gc, windows-amd64)
GC Precious Log:
 CardTable entry size: 512
 CPUs: 12 total, 12 available
 Memory: 3767M
 Large Page Support: Disabled
 NUMA Support: Disabled
 Compressed Oops: Enabled (32-bit)
 Alignments: Space 512K, Generation 512K, Heap 2M
 Heap Min Capacity: 100M
 Heap Initial Capacity: 100M
 Heap Max Capacity: 2G
 Pre-touch: Disabled
 Parallel Workers: 10
Heap:
 PSYoungGen      total 19456K, used 12937K [0x00000000d5580000, 0x00000000d6b00000, 0x0000000100000000)
  eden space 18944K, 66% used [0x00000000d5580000,0x00000000d61ba740,0x00000000d6800000)
  from space 512K, 81% used [0x00000000d6a80000,0x00000000d6ae8000,0x00000000d6b00000)
  to   space 1024K, 0% used [0x00000000d6900000,0x00000000d6900000,0x00000000d6a00000)
 ParOldGen       total 68608K, used 48413K [0x0000000080000000, 0x0000000084300000, 0x00000000d5580000)
  object space 68608K, 70% used [0x0000000080000000,0x0000000082f47460,0x0000000084300000)
 Metaspace       used 62709K, committed 64128K, reserved 1114112K
  class space    used 6586K, committed 7168K, reserved 1048576K
GC Heap History (20 events):
Event: 48.865 GC heap before
{Heap before GC invocations=40 (full 3):
 PSYoungGen      total 19968K, used 18944K [0x00000000d5580000, 0x00000000d6a80000, 0x0000000100000000)
  eden space 18944K, 100% used [0x00000000d5580000,0x00000000d6800000,0x00000000d6800000)
  from space 1024K, 0% used [0x00000000d6980000,0x00000000d6980000,0x00000000d6a80000)
  to   space 1024K, 0% used [0x00000000d6880000,0x00000000d6880000,0x00000000d6980000)
 ParOldGen       total 68608K, used 39629K [0x0000000080000000, 0x0000000084300000, 0x00000000d5580000)
  object space 68608K, 57% used [0x0000000080000000,0x00000000826b36c0,0x0000000084300000)
 Metaspace       used 59822K, committed 61248K, reserved 1114112K
  class space    used 6427K, committed 7040K, reserved 1048576K
}
Event: 48.868 GC heap after
{Heap after GC invocations=40 (full 3):
 PSYoungGen      total 19968K, used 1014K [0x00000000d5580000, 0x00000000d6c00000, 0x0000000100000000)
  eden space 18944K, 0% used [0x00000000d5580000,0x00000000d5580000,0x00000000d6800000)
  from space 1024K, 99% used [0x00000000d6880000,0x00000000d697d890,0x00000000d6980000)
  to   space 2048K, 0% used [0x00000000d6a00000,0x00000000d6a00000,0x00000000d6c00000)
 ParOldGen       total 68608K, used 40125K [0x0000000080000000, 0x0000000084300000, 0x00000000d5580000)
  object space 68608K, 58% used [0x0000000080000000,0x000000008272f6f0,0x0000000084300000)
 Metaspace       used 59822K, committed 61248K, reserved 1114112K
  class space    used 6427K, committed 7040K, reserved 1048576K
}
Event: 49.374 GC heap before
{Heap before GC invocations=41 (full 3):
 PSYoungGen      total 19968K, used 19958K [0x00000000d5580000, 0x00000000d6c00000, 0x0000000100000000)
  eden space 18944K, 100% used [0x00000000d5580000,0x00000000d6800000,0x00000000d6800000)
  from space 1024K, 99% used [0x00000000d6880000,0x00000000d697d890,0x00000000d6980000)
  to   space 2048K, 0% used [0x00000000d6a00000,0x00000000d6a00000,0x00000000d6c00000)
 ParOldGen       total 68608K, used 40125K [0x0000000080000000, 0x0000000084300000, 0x00000000d5580000)
  object space 68608K, 58% used [0x0000000080000000,0x000000008272f6f0,0x0000000084300000)
 Metaspace       used 60544K, committed 61952K, reserved 1114112K
  class space    used 6477K, committed 7040K, reserved 1048576K
}
Event: 49.377 GC heap after
{Heap after GC invocations=41 (full 3):
 PSYoungGen      total 20992K, used 1634K [0x00000000d5580000, 0x00000000d6c00000, 0x0000000100000000)
  eden space 18944K, 0% used [0x00000000d5580000,0x00000000d5580000,0x00000000d6800000)
  from space 2048K, 79% used [0x00000000d6a00000,0x00000000d6b98958,0x00000000d6c00000)
  to   space 2048K, 0% used [0x00000000d6800000,0x00000000d6800000,0x00000000d6a00000)
 ParOldGen       total 68608K, used 41300K [0x0000000080000000, 0x0000000084300000, 0x00000000d5580000)
  object space 68608K, 60% used [0x0000000080000000,0x0000000082855098,0x0000000084300000)
 Metaspace       used 60544K, committed 61952K, reserved 1114112K
  class space    used 6477K, committed 7040K, reserved 1048576K
}
Event: 49.662 GC heap before
{Heap before GC invocations=42 (full 3):
 PSYoungGen      total 20992K, used 20578K [0x00000000d5580000, 0x00000000d6c00000, 0x0000000100000000)
  eden space 18944K, 100% used [0x00000000d5580000,0x00000000d6800000,0x00000000d6800000)
  from space 2048K, 79% used [0x00000000d6a00000,0x00000000d6b98958,0x00000000d6c00000)
  to   space 2048K, 0% used [0x00000000d6800000,0x00000000d6800000,0x00000000d6a00000)
 ParOldGen       total 68608K, used 41300K [0x0000000080000000, 0x0000000084300000, 0x00000000d5580000)
  object space 68608K, 60% used [0x0000000080000000,0x0000000082855098,0x0000000084300000)
 Metaspace       used 60854K, committed 62272K, reserved 1114112K
  class space    used 6482K, committed 7040K, reserved 1048576K
}
Event: 49.666 GC heap after
{Heap after GC invocations=42 (full 3):
 PSYoungGen      total 20992K, used 1606K [0x00000000d5580000, 0x00000000d6c00000, 0x0000000100000000)
  eden space 18944K, 0% used [0x00000000d5580000,0x00000000d5580000,0x00000000d6800000)
  from space 2048K, 78% used [0x00000000d6800000,0x00000000d6991810,0x00000000d6a00000)
  to   space 2048K, 0% used [0x00000000d6a00000,0x00000000d6a00000,0x00000000d6c00000)
 ParOldGen       total 68608K, used 42755K [0x0000000080000000, 0x0000000084300000, 0x00000000d5580000)
  object space 68608K, 62% used [0x0000000080000000,0x00000000829c0d68,0x0000000084300000)
 Metaspace       used 60854K, committed 62272K, reserved 1114112K
  class space    used 6482K, committed 7040K, reserved 1048576K
}
Event: 49.881 GC heap before
{Heap before GC invocations=43 (full 3):
 PSYoungGen      total 20992K, used 20550K [0x00000000d5580000, 0x00000000d6c00000, 0x0000000100000000)
  eden space 18944K, 100% used [0x00000000d5580000,0x00000000d6800000,0x00000000d6800000)
  from space 2048K, 78% used [0x00000000d6800000,0x00000000d6991810,0x00000000d6a00000)
  to   space 2048K, 0% used [0x00000000d6a00000,0x00000000d6a00000,0x00000000d6c00000)
 ParOldGen       total 68608K, used 42755K [0x0000000080000000, 0x0000000084300000, 0x00000000d5580000)
  object space 68608K, 62% used [0x0000000080000000,0x00000000829c0d68,0x0000000084300000)
 Metaspace       used 61045K, committed 62528K, reserved 1114112K
  class space    used 6484K, committed 7104K, reserved 1048576K
}
Event: 49.883 GC heap after
{Heap after GC invocations=43 (full 3):
 PSYoungGen      total 19968K, used 560K [0x00000000d5580000, 0x00000000d6b00000, 0x0000000100000000)
  eden space 18944K, 0% used [0x00000000d5580000,0x00000000d5580000,0x00000000d6800000)
  from space 1024K, 54% used [0x00000000d6a00000,0x00000000d6a8c010,0x00000000d6b00000)
  to   space 1024K, 0% used [0x00000000d6900000,0x00000000d6900000,0x00000000d6a00000)
 ParOldGen       total 68608K, used 44064K [0x0000000080000000, 0x0000000084300000, 0x00000000d5580000)
  object space 68608K, 64% used [0x0000000080000000,0x0000000082b083a0,0x0000000084300000)
 Metaspace       used 61045K, committed 62528K, reserved 1114112K
  class space    used 6484K, committed 7104K, reserved 1048576K
}
Event: 50.107 GC heap before
{Heap before GC invocations=44 (full 3):
 PSYoungGen      total 19968K, used 19504K [0x00000000d5580000, 0x00000000d6b00000, 0x0000000100000000)
  eden space 18944K, 100% used [0x00000000d5580000,0x00000000d6800000,0x00000000d6800000)
  from space 1024K, 54% used [0x00000000d6a00000,0x00000000d6a8c010,0x00000000d6b00000)
  to   space 1024K, 0% used [0x00000000d6900000,0x00000000d6900000,0x00000000d6a00000)
 ParOldGen       total 68608K, used 44064K [0x0000000080000000, 0x0000000084300000, 0x00000000d5580000)
  object space 68608K, 64% used [0x0000000080000000,0x0000000082b083a0,0x0000000084300000)
 Metaspace       used 61148K, committed 62592K, reserved 1114112K
  class space    used 6484K, committed 7104K, reserved 1048576K
}
Event: 50.109 GC heap after
{Heap after GC invocations=44 (full 3):
 PSYoungGen      total 19968K, used 656K [0x00000000d5580000, 0x00000000d6a80000, 0x0000000100000000)
  eden space 18944K, 0% used [0x00000000d5580000,0x00000000d5580000,0x00000000d6800000)
  from space 1024K, 64% used [0x00000000d6900000,0x00000000d69a4020,0x00000000d6a00000)
  to   space 512K, 0% used [0x00000000d6a00000,0x00000000d6a00000,0x00000000d6a80000)
 ParOldGen       total 68608K, used 44467K [0x0000000080000000, 0x0000000084300000, 0x00000000d5580000)
  object space 68608K, 64% used [0x0000000080000000,0x0000000082b6cfb0,0x0000000084300000)
 Metaspace       used 61148K, committed 62592K, reserved 1114112K
  class space    used 6484K, committed 7104K, reserved 1048576K
}
Event: 50.300 GC heap before
{Heap before GC invocations=45 (full 3):
 PSYoungGen      total 19968K, used 19600K [0x00000000d5580000, 0x00000000d6a80000, 0x0000000100000000)
  eden space 18944K, 100% used [0x00000000d5580000,0x00000000d6800000,0x00000000d6800000)
  from space 1024K, 64% used [0x00000000d6900000,0x00000000d69a4020,0x00000000d6a00000)
  to   space 512K, 0% used [0x00000000d6a00000,0x00000000d6a00000,0x00000000d6a80000)
 ParOldGen       total 68608K, used 44467K [0x0000000080000000, 0x0000000084300000, 0x00000000d5580000)
  object space 68608K, 64% used [0x0000000080000000,0x0000000082b6cfb0,0x0000000084300000)
 Metaspace       used 61293K, committed 62720K, reserved 1114112K
  class space    used 6487K, committed 7104K, reserved 1048576K
}
Event: 50.303 GC heap after
{Heap after GC invocations=45 (full 3):
 PSYoungGen      total 19456K, used 511K [0x00000000d5580000, 0x00000000d6b00000, 0x0000000100000000)
  eden space 18944K, 0% used [0x00000000d5580000,0x00000000d5580000,0x00000000d6800000)
  from space 512K, 99% used [0x00000000d6a00000,0x00000000d6a7fc18,0x00000000d6a80000)
  to   space 1536K, 0% used [0x00000000d6800000,0x00000000d6800000,0x00000000d6980000)
 ParOldGen       total 68608K, used 45290K [0x0000000080000000, 0x0000000084300000, 0x00000000d5580000)
  object space 68608K, 66% used [0x0000000080000000,0x0000000082c3a878,0x0000000084300000)
 Metaspace       used 61293K, committed 62720K, reserved 1114112K
  class space    used 6487K, committed 7104K, reserved 1048576K
}
Event: 50.507 GC heap before
{Heap before GC invocations=46 (full 3):
 PSYoungGen      total 19456K, used 19455K [0x00000000d5580000, 0x00000000d6b00000, 0x0000000100000000)
  eden space 18944K, 100% used [0x00000000d5580000,0x00000000d6800000,0x00000000d6800000)
  from space 512K, 99% used [0x00000000d6a00000,0x00000000d6a7fc18,0x00000000d6a80000)
  to   space 1536K, 0% used [0x00000000d6800000,0x00000000d6800000,0x00000000d6980000)
 ParOldGen       total 68608K, used 45290K [0x0000000080000000, 0x0000000084300000, 0x00000000d5580000)
  object space 68608K, 66% used [0x0000000080000000,0x0000000082c3a878,0x0000000084300000)
 Metaspace       used 61512K, committed 62976K, reserved 1114112K
  class space    used 6491K, committed 7104K, reserved 1048576K
}
Event: 50.509 GC heap after
{Heap after GC invocations=46 (full 3):
 PSYoungGen      total 20480K, used 976K [0x00000000d5580000, 0x00000000d6b00000, 0x0000000100000000)
  eden space 18944K, 0% used [0x00000000d5580000,0x00000000d5580000,0x00000000d6800000)
  from space 1536K, 63% used [0x00000000d6800000,0x00000000d68f4010,0x00000000d6980000)
  to   space 1536K, 0% used [0x00000000d6980000,0x00000000d6980000,0x00000000d6b00000)
 ParOldGen       total 68608K, used 45811K [0x0000000080000000, 0x0000000084300000, 0x00000000d5580000)
  object space 68608K, 66% used [0x0000000080000000,0x0000000082cbcd98,0x0000000084300000)
 Metaspace       used 61512K, committed 62976K, reserved 1114112K
  class space    used 6491K, committed 7104K, reserved 1048576K
}
Event: 50.687 GC heap before
{Heap before GC invocations=47 (full 3):
 PSYoungGen      total 20480K, used 19920K [0x00000000d5580000, 0x00000000d6b00000, 0x0000000100000000)
  eden space 18944K, 100% used [0x00000000d5580000,0x00000000d6800000,0x00000000d6800000)
  from space 1536K, 63% used [0x00000000d6800000,0x00000000d68f4010,0x00000000d6980000)
  to   space 1536K, 0% used [0x00000000d6980000,0x00000000d6980000,0x00000000d6b00000)
 ParOldGen       total 68608K, used 45811K [0x0000000080000000, 0x0000000084300000, 0x00000000d5580000)
  object space 68608K, 66% used [0x0000000080000000,0x0000000082cbcd98,0x0000000084300000)
 Metaspace       used 61627K, committed 63040K, reserved 1114112K
  class space    used 6495K, committed 7104K, reserved 1048576K
}
Event: 50.689 GC heap after
{Heap after GC invocations=47 (full 3):
 PSYoungGen      total 19968K, used 640K [0x00000000d5580000, 0x00000000d6a80000, 0x0000000100000000)
  eden space 18944K, 0% used [0x00000000d5580000,0x00000000d5580000,0x00000000d6800000)
  from space 1024K, 62% used [0x00000000d6980000,0x00000000d6a20000,0x00000000d6a80000)
  to   space 1024K, 0% used [0x00000000d6880000,0x00000000d6880000,0x00000000d6980000)
 ParOldGen       total 68608K, used 46668K [0x0000000080000000, 0x0000000084300000, 0x00000000d5580000)
  object space 68608K, 68% used [0x0000000080000000,0x0000000082d93260,0x0000000084300000)
 Metaspace       used 61627K, committed 63040K, reserved 1114112K
  class space    used 6495K, committed 7104K, reserved 1048576K
}
Event: 50.915 GC heap before
{Heap before GC invocations=48 (full 3):
 PSYoungGen      total 19968K, used 19584K [0x00000000d5580000, 0x00000000d6a80000, 0x0000000100000000)
  eden space 18944K, 100% used [0x00000000d5580000,0x00000000d6800000,0x00000000d6800000)
  from space 1024K, 62% used [0x00000000d6980000,0x00000000d6a20000,0x00000000d6a80000)
  to   space 1024K, 0% used [0x00000000d6880000,0x00000000d6880000,0x00000000d6980000)
 ParOldGen       total 68608K, used 46668K [0x0000000080000000, 0x0000000084300000, 0x00000000d5580000)
  object space 68608K, 68% used [0x0000000080000000,0x0000000082d93260,0x0000000084300000)
 Metaspace       used 61725K, committed 63104K, reserved 1114112K
  class space    used 6497K, committed 7104K, reserved 1048576K
}
Event: 50.917 GC heap after
{Heap after GC invocations=48 (full 3):
 PSYoungGen      total 19968K, used 999K [0x00000000d5580000, 0x00000000d6d00000, 0x0000000100000000)
  eden space 18944K, 0% used [0x00000000d5580000,0x00000000d5580000,0x00000000d6800000)
  from space 1024K, 97% used [0x00000000d6880000,0x00000000d6979d30,0x00000000d6980000)
  to   space 2560K, 0% used [0x00000000d6a80000,0x00000000d6a80000,0x00000000d6d00000)
 ParOldGen       total 68608K, used 47521K [0x0000000080000000, 0x0000000084300000, 0x00000000d5580000)
  object space 68608K, 69% used [0x0000000080000000,0x0000000082e686a8,0x0000000084300000)
 Metaspace       used 61725K, committed 63104K, reserved 1114112K
  class space    used 6497K, committed 7104K, reserved 1048576K
}
Event: 168.206 GC heap before
{Heap before GC invocations=49 (full 3):
 PSYoungGen      total 19968K, used 19943K [0x00000000d5580000, 0x00000000d6d00000, 0x0000000100000000)
  eden space 18944K, 100% used [0x00000000d5580000,0x00000000d6800000,0x00000000d6800000)
  from space 1024K, 97% used [0x00000000d6880000,0x00000000d6979d30,0x00000000d6980000)
  to   space 2560K, 0% used [0x00000000d6a80000,0x00000000d6a80000,0x00000000d6d00000)
 ParOldGen       total 68608K, used 47521K [0x0000000080000000, 0x0000000084300000, 0x00000000d5580000)
  object space 68608K, 69% used [0x0000000080000000,0x0000000082e686a8,0x0000000084300000)
 Metaspace       used 61875K, committed 63296K, reserved 1114112K
  class space    used 6506K, committed 7104K, reserved 1048576K
}
Event: 168.254 GC heap after
{Heap after GC invocations=49 (full 3):
 PSYoungGen      total 19456K, used 416K [0x00000000d5580000, 0x00000000d6b00000, 0x0000000100000000)
  eden space 18944K, 0% used [0x00000000d5580000,0x00000000d5580000,0x00000000d6800000)
  from space 512K, 81% used [0x00000000d6a80000,0x00000000d6ae8000,0x00000000d6b00000)
  to   space 1024K, 0% used [0x00000000d6900000,0x00000000d6900000,0x00000000d6a00000)
 ParOldGen       total 68608K, used 48413K [0x0000000080000000, 0x0000000084300000, 0x00000000d5580000)
  object space 68608K, 70% used [0x0000000080000000,0x0000000082f47460,0x0000000084300000)
 Metaspace       used 61875K, committed 63296K, reserved 1114112K
  class space    used 6506K, committed 7104K, reserved 1048576K
}

