# JRE version: OpenJDK Runtime Environment Temurin-21.0.11+10 (21.0.11+10) (build 21.0.11+10-LTS)
# Java VM: OpenJDK 64-Bit Server VM Temurin-21.0.11+10 (21.0.11+10-LTS, mixed mode, sharing, tiered, compressed oops, compressed class ptrs, parallel gc, windows-amd64)
GC Precious Log:
 CardTable entry size: 512
 CPUs: 12 total, 12 available
 Memory: 3767M
 Large Page Support: Disabled
 NUMA Support: Disabled
 Compressed Oops: Enabled (32-bit)
 Alignments: Space 512K, Generation 512K, Heap 2M
 Heap Min Capacity: 100M
 Heap Initial Capacity: 100M
 Heap Max Capacity: 2G
 Pre-touch: Disabled
 Parallel Workers: 10
Heap:
 PSYoungGen      total 17408K, used 10378K [0x00000000d5580000, 0x00000000d6880000, 0x0000000100000000)
  eden space 15872K, 58% used [0x00000000d5580000,0x00000000d5ea2830,0x00000000d6500000)
  from space 1536K, 66% used [0x00000000d6500000,0x00000000d6600030,0x00000000d6680000)
  to   space 1536K, 0% used [0x00000000d6700000,0x00000000d6700000,0x00000000d6880000)
 ParOldGen       total 68608K, used 47948K [0x0000000080000000, 0x0000000084300000, 0x00000000d5580000)
  object space 68608K, 69% used [0x0000000080000000,0x0000000082ed3118,0x0000000084300000)
 Metaspace       used 62009K, committed 63424K, reserved 1114112K
  class space    used 6503K, committed 7104K, reserved 1048576K
GC Heap History (20 events):
Event: 28.511 GC heap before
{Heap before GC invocations=39 (full 3):
 PSYoungGen      total 21504K, used 20480K [0x00000000d5580000, 0x00000000d6b80000, 0x0000000100000000)
  eden space 20480K, 100% used [0x00000000d5580000,0x00000000d6980000,0x00000000d6980000)
  from space 1024K, 0% used [0x00000000d6980000,0x00000000d6980000,0x00000000d6a80000)
  to   space 1024K, 0% used [0x00000000d6a80000,0x00000000d6a80000,0x00000000d6b80000)
 ParOldGen       total 68608K, used 37647K [0x0000000080000000, 0x0000000084300000, 0x00000000d5580000)
  object space 68608K, 54% used [0x0000000080000000,0x00000000824c3d30,0x0000000084300000)
 Metaspace       used 59752K, committed 61120K, reserved 1114112K
  class space    used 6409K, committed 7040K, reserved 1048576K
}
Event: 28.514 GC heap after
{Heap after GC invocations=39 (full 3):
 PSYoungGen      total 20992K, used 1006K [0x00000000d5580000, 0x00000000d6c80000, 0x0000000100000000)
  eden space 19968K, 0% used [0x00000000d5580000,0x00000000d5580000,0x00000000d6900000)
  from space 1024K, 98% used [0x00000000d6a80000,0x00000000d6b7ba58,0x00000000d6b80000)
  to   space 1536K, 0% used [0x00000000d6900000,0x00000000d6900000,0x00000000d6a80000)
 ParOldGen       total 68608K, used 37671K [0x0000000080000000, 0x0000000084300000, 0x00000000d5580000)
  object space 68608K, 54% used [0x0000000080000000,0x00000000824c9d30,0x0000000084300000)
 Metaspace       used 59752K, committed 61120K, reserved 1114112K
  class space    used 6409K, committed 7040K, reserved 1048576K
}
Event: 28.837 GC heap before
{Heap before GC invocations=40 (full 3):
 PSYoungGen      total 20992K, used 20974K [0x00000000d5580000, 0x00000000d6c80000, 0x0000000100000000)
  eden space 19968K, 100% used [0x00000000d5580000,0x00000000d6900000,0x00000000d6900000)
  from space 1024K, 98% used [0x00000000d6a80000,0x00000000d6b7ba58,0x00000000d6b80000)
  to   space 1536K, 0% used [0x00000000d6900000,0x00000000d6900000,0x00000000d6a80000)
 ParOldGen       total 68608K, used 37671K [0x0000000080000000, 0x0000000084300000, 0x00000000d5580000)
  object space 68608K, 54% used [0x0000000080000000,0x00000000824c9d30,0x0000000084300000)
 Metaspace       used 60103K, committed 61440K, reserved 1114112K
  class space    used 6411K, committed 7040K, reserved 1048576K
}
Event: 28.841 GC heap after
{Heap after GC invocations=40 (full 3):
 PSYoungGen      total 21504K, used 1206K [0x00000000d5580000, 0x00000000d6c00000, 0x0000000100000000)
  eden space 19968K, 0% used [0x00000000d5580000,0x00000000d5580000,0x00000000d6900000)
  from space 1536K, 78% used [0x00000000d6900000,0x00000000d6a2da20,0x00000000d6a80000)
  to   space 1536K, 0% used [0x00000000d6a80000,0x00000000d6a80000,0x00000000d6c00000)
 ParOldGen       total 68608K, used 38568K [0x0000000080000000, 0x0000000084300000, 0x00000000d5580000)
  object space 68608K, 56% used [0x0000000080000000,0x00000000825aa098,0x0000000084300000)
 Metaspace       used 60103K, committed 61440K, reserved 1114112K
  class space    used 6411K, committed 7040K, reserved 1048576K
}
Event: 29.140 GC heap before
{Heap before GC invocations=41 (full 3):
 PSYoungGen      total 21504K, used 21174K [0x00000000d5580000, 0x00000000d6c00000, 0x0000000100000000)
  eden space 19968K, 100% used [0x00000000d5580000,0x00000000d6900000,0x00000000d6900000)
  from space 1536K, 78% used [0x00000000d6900000,0x00000000d6a2da20,0x00000000d6a80000)
  to   space 1536K, 0% used [0x00000000d6a80000,0x00000000d6a80000,0x00000000d6c00000)
 ParOldGen       total 68608K, used 38568K [0x0000000080000000, 0x0000000084300000, 0x00000000d5580000)
  object space 68608K, 56% used [0x0000000080000000,0x00000000825aa098,0x0000000084300000)
 Metaspace       used 60623K, committed 62016K, reserved 1114112K
  class space    used 6442K, committed 7040K, reserved 1048576K
}
Event: 29.142 GC heap after
{Heap after GC invocations=41 (full 3):
 PSYoungGen      total 20992K, used 855K [0x00000000d5580000, 0x00000000d6b80000, 0x0000000100000000)
  eden space 19968K, 0% used [0x00000000d5580000,0x00000000d5580000,0x00000000d6900000)
  from space 1024K, 83% used [0x00000000d6a80000,0x00000000d6b55ca0,0x00000000d6b80000)
  to   space 1024K, 0% used [0x00000000d6980000,0x00000000d6980000,0x00000000d6a80000)
 ParOldGen       total 68608K, used 39532K [0x0000000080000000, 0x0000000084300000, 0x00000000d5580000)
  object space 68608K, 57% used [0x0000000080000000,0x000000008269b278,0x0000000084300000)
 Metaspace       used 60623K, committed 62016K, reserved 1114112K
  class space    used 6442K, committed 7040K, reserved 1048576K
}
Event: 29.362 GC heap before
{Heap before GC invocations=42 (full 3):
 PSYoungGen      total 20992K, used 20823K [0x00000000d5580000, 0x00000000d6b80000, 0x0000000100000000)
  eden space 19968K, 100% used [0x00000000d5580000,0x00000000d6900000,0x00000000d6900000)
  from space 1024K, 83% used [0x00000000d6a80000,0x00000000d6b55ca0,0x00000000d6b80000)
  to   space 1024K, 0% used [0x00000000d6980000,0x00000000d6980000,0x00000000d6a80000)
 ParOldGen       total 68608K, used 39532K [0x0000000080000000, 0x0000000084300000, 0x00000000d5580000)
  object space 68608K, 57% used [0x0000000080000000,0x000000008269b278,0x0000000084300000)
 Metaspace       used 60839K, committed 62208K, reserved 1114112K
  class space    used 6448K, committed 7040K, reserved 1048576K
}
Event: 29.363 GC heap after
{Heap after GC invocations=42 (full 3):
 PSYoungGen      total 20992K, used 978K [0x00000000d5580000, 0x00000000d6b00000, 0x0000000100000000)
  eden space 19968K, 0% used [0x00000000d5580000,0x00000000d5580000,0x00000000d6900000)
  from space 1024K, 95% used [0x00000000d6980000,0x00000000d6a74a48,0x00000000d6a80000)
  to   space 512K, 0% used [0x00000000d6a80000,0x00000000d6a80000,0x00000000d6b00000)
 ParOldGen       total 68608K, used 40229K [0x0000000080000000, 0x0000000084300000, 0x00000000d5580000)
  object space 68608K, 58% used [0x0000000080000000,0x0000000082749440,0x0000000084300000)
 Metaspace       used 60839K, committed 62208K, reserved 1114112K
  class space    used 6448K, committed 7040K, reserved 1048576K
}
Event: 29.547 GC heap before
{Heap before GC invocations=43 (full 3):
 PSYoungGen      total 20992K, used 20946K [0x00000000d5580000, 0x00000000d6b00000, 0x0000000100000000)
  eden space 19968K, 100% used [0x00000000d5580000,0x00000000d6900000,0x00000000d6900000)
  from space 1024K, 95% used [0x00000000d6980000,0x00000000d6a74a48,0x00000000d6a80000)
  to   space 512K, 0% used [0x00000000d6a80000,0x00000000d6a80000,0x00000000d6b00000)
 ParOldGen       total 68608K, used 40229K [0x0000000080000000, 0x0000000084300000, 0x00000000d5580000)
  object space 68608K, 58% used [0x0000000080000000,0x0000000082749440,0x0000000084300000)
 Metaspace       used 61044K, committed 62400K, reserved 1114112K
  class space    used 6452K, committed 7040K, reserved 1048576K
}
Event: 29.551 GC heap after
{Heap after GC invocations=43 (full 3):
 PSYoungGen      total 16384K, used 505K [0x00000000d5580000, 0x00000000d7400000, 0x0000000100000000)
  eden space 15872K, 0% used [0x00000000d5580000,0x00000000d5580000,0x00000000d6500000)
  from space 512K, 98% used [0x00000000d6a80000,0x00000000d6afe580,0x00000000d6b00000)
  to   space 5632K, 0% used [0x00000000d6500000,0x00000000d6500000,0x00000000d6a80000)
 ParOldGen       total 68608K, used 44418K [0x0000000080000000, 0x0000000084300000, 0x00000000d5580000)
  object space 68608K, 64% used [0x0000000080000000,0x0000000082b609e8,0x0000000084300000)
 Metaspace       used 61044K, committed 62400K, reserved 1114112K
  class space    used 6452K, committed 7040K, reserved 1048576K
}
Event: 29.714 GC heap before
{Heap before GC invocations=44 (full 3):
 PSYoungGen      total 16384K, used 16377K [0x00000000d5580000, 0x00000000d7400000, 0x0000000100000000)
  eden space 15872K, 100% used [0x00000000d5580000,0x00000000d6500000,0x00000000d6500000)
  from space 512K, 98% used [0x00000000d6a80000,0x00000000d6afe580,0x00000000d6b00000)
  to   space 5632K, 0% used [0x00000000d6500000,0x00000000d6500000,0x00000000d6a80000)
 ParOldGen       total 68608K, used 44418K [0x0000000080000000, 0x0000000084300000, 0x00000000d5580000)
  object space 68608K, 64% used [0x0000000080000000,0x0000000082b609e8,0x0000000084300000)
 Metaspace       used 61268K, committed 62592K, reserved 1114112K
  class space    used 6456K, committed 7040K, reserved 1048576K
}
Event: 29.717 GC heap after
{Heap after GC invocations=44 (full 3):
 PSYoungGen      total 16896K, used 800K [0x00000000d5580000, 0x00000000d6b00000, 0x0000000100000000)
  eden space 15872K, 0% used [0x00000000d5580000,0x00000000d5580000,0x00000000d6500000)
  from space 1024K, 78% used [0x00000000d6500000,0x00000000d65c8000,0x00000000d6600000)
  to   space 2560K, 0% used [0x00000000d6880000,0x00000000d6880000,0x00000000d6b00000)
 ParOldGen       total 68608K, used 44924K [0x0000000080000000, 0x0000000084300000, 0x00000000d5580000)
  object space 68608K, 65% used [0x0000000080000000,0x0000000082bdf250,0x0000000084300000)
 Metaspace       used 61268K, committed 62592K, reserved 1114112K
  class space    used 6456K, committed 7040K, reserved 1048576K
}
Event: 29.867 GC heap before
{Heap before GC invocations=45 (full 3):
 PSYoungGen      total 16896K, used 16672K [0x00000000d5580000, 0x00000000d6b00000, 0x0000000100000000)
  eden space 15872K, 100% used [0x00000000d5580000,0x00000000d6500000,0x00000000d6500000)
  from space 1024K, 78% used [0x00000000d6500000,0x00000000d65c8000,0x00000000d6600000)
  to   space 2560K, 0% used [0x00000000d6880000,0x00000000d6880000,0x00000000d6b00000)
 ParOldGen       total 68608K, used 44924K [0x0000000080000000, 0x0000000084300000, 0x00000000d5580000)
  object space 68608K, 65% used [0x0000000080000000,0x0000000082bdf250,0x0000000084300000)
 Metaspace       used 61299K, committed 62592K, reserved 1114112K
  class space    used 6457K, committed 7040K, reserved 1048576K
}
Event: 29.869 GC heap after
{Heap after GC invocations=45 (full 3):
 PSYoungGen      total 16384K, used 128K [0x00000000d5580000, 0x00000000d6900000, 0x0000000100000000)
  eden space 15872K, 0% used [0x00000000d5580000,0x00000000d5580000,0x00000000d6500000)
  from space 512K, 25% used [0x00000000d6880000,0x00000000d68a0000,0x00000000d6900000)
  to   space 1024K, 0% used [0x00000000d6700000,0x00000000d6700000,0x00000000d6800000)
 ParOldGen       total 68608K, used 45547K [0x0000000080000000, 0x0000000084300000, 0x00000000d5580000)
  object space 68608K, 66% used [0x0000000080000000,0x0000000082c7aef0,0x0000000084300000)
 Metaspace       used 61299K, committed 62592K, reserved 1114112K
  class space    used 6457K, committed 7040K, reserved 1048576K
}
Event: 30.082 GC heap before
{Heap before GC invocations=46 (full 3):
 PSYoungGen      total 16384K, used 16000K [0x00000000d5580000, 0x00000000d6900000, 0x0000000100000000)
  eden space 15872K, 100% used [0x00000000d5580000,0x00000000d6500000,0x00000000d6500000)
  from space 512K, 25% used [0x00000000d6880000,0x00000000d68a0000,0x00000000d6900000)
  to   space 1024K, 0% used [0x00000000d6700000,0x00000000d6700000,0x00000000d6800000)
 ParOldGen       total 68608K, used 45547K [0x0000000080000000, 0x0000000084300000, 0x00000000d5580000)
  object space 68608K, 66% used [0x0000000080000000,0x0000000082c7aef0,0x0000000084300000)
 Metaspace       used 61425K, committed 62848K, reserved 1114112K
  class space    used 6470K, committed 7104K, reserved 1048576K
}
Event: 30.084 GC heap after
{Heap after GC invocations=46 (full 3):
 PSYoungGen      total 16896K, used 1017K [0x00000000d5580000, 0x00000000d6900000, 0x0000000100000000)
  eden space 15872K, 0% used [0x00000000d5580000,0x00000000d5580000,0x00000000d6500000)
  from space 1024K, 99% used [0x00000000d6700000,0x00000000d67fe430,0x00000000d6800000)
  to   space 1024K, 0% used [0x00000000d6800000,0x00000000d6800000,0x00000000d6900000)
 ParOldGen       total 68608K, used 45835K [0x0000000080000000, 0x0000000084300000, 0x00000000d5580000)
  object space 68608K, 66% used [0x0000000080000000,0x0000000082cc2f10,0x0000000084300000)
 Metaspace       used 61425K, committed 62848K, reserved 1114112K
  class space    used 6470K, committed 7104K, reserved 1048576K
}
Event: 30.260 GC heap before
{Heap before GC invocations=47 (full 3):
 PSYoungGen      total 16896K, used 16889K [0x00000000d5580000, 0x00000000d6900000, 0x0000000100000000)
  eden space 15872K, 100% used [0x00000000d5580000,0x00000000d6500000,0x00000000d6500000)
  from space 1024K, 99% used [0x00000000d6700000,0x00000000d67fe430,0x00000000d6800000)
  to   space 1024K, 0% used [0x00000000d6800000,0x00000000d6800000,0x00000000d6900000)
 ParOldGen       total 68608K, used 45835K [0x0000000080000000, 0x0000000084300000, 0x00000000d5580000)
  object space 68608K, 66% used [0x0000000080000000,0x0000000082cc2f10,0x0000000084300000)
 Metaspace       used 61577K, committed 62976K, reserved 1114112K
  class space    used 6483K, committed 7104K, reserved 1048576K
}
Event: 30.264 GC heap after
{Heap after GC invocations=47 (full 3):
 PSYoungGen      total 16896K, used 1004K [0x00000000d5580000, 0x00000000d6a00000, 0x0000000100000000)
  eden space 15872K, 0% used [0x00000000d5580000,0x00000000d5580000,0x00000000d6500000)
  from space 1024K, 98% used [0x00000000d6800000,0x00000000d68fb048,0x00000000d6900000)
  to   space 2560K, 0% used [0x00000000d6500000,0x00000000d6500000,0x00000000d6780000)
 ParOldGen       total 68608K, used 47010K [0x0000000080000000, 0x0000000084300000, 0x00000000d5580000)
  object space 68608K, 68% used [0x0000000080000000,0x0000000082de8818,0x0000000084300000)
 Metaspace       used 61577K, committed 62976K, reserved 1114112K
  class space    used 6483K, committed 7104K, reserved 1048576K
}
Event: 33.499 GC heap before
{Heap before GC invocations=48 (full 3):
 PSYoungGen      total 16896K, used 16876K [0x00000000d5580000, 0x00000000d6a00000, 0x0000000100000000)
  eden space 15872K, 100% used [0x00000000d5580000,0x00000000d6500000,0x00000000d6500000)
  from space 1024K, 98% used [0x00000000d6800000,0x00000000d68fb048,0x00000000d6900000)
  to   space 2560K, 0% used [0x00000000d6500000,0x00000000d6500000,0x00000000d6780000)
 ParOldGen       total 68608K, used 47010K [0x0000000080000000, 0x0000000084300000, 0x00000000d5580000)
  object space 68608K, 68% used [0x0000000080000000,0x0000000082de8818,0x0000000084300000)
 Metaspace       used 61667K, committed 63040K, reserved 1114112K
  class space    used 6483K, committed 7104K, reserved 1048576K
}
Event: 33.502 GC heap after
{Heap after GC invocations=48 (full 3):
 PSYoungGen      total 17408K, used 1024K [0x00000000d5580000, 0x00000000d6880000, 0x0000000100000000)
  eden space 15872K, 0% used [0x00000000d5580000,0x00000000d5580000,0x00000000d6500000)
  from space 1536K, 66% used [0x00000000d6500000,0x00000000d6600030,0x00000000d6680000)
  to   space 1536K, 0% used [0x00000000d6700000,0x00000000d6700000,0x00000000d6880000)
 ParOldGen       total 68608K, used 47948K [0x0000000080000000, 0x0000000084300000, 0x00000000d5580000)
  object space 68608K, 69% used [0x0000000080000000,0x0000000082ed3118,0x0000000084300000)
 Metaspace       used 61667K, committed 63040K, reserved 1114112K
  class space    used 6483K, committed 7104K, reserved 1048576K
}

